<?xml version="1.0" encoding="UTF-8"?>
<!-- Generated by org.testng.reporters.JUnitReportReporter -->
<testsuite hostname="LAPTOP-FIQ410M2" failures="0" tests="2" name="NewTest" time="0.026" errors="0" timestamp="2024-06-08T22:33:25 IST" skipped="0">
  <testcase classname="NewTest" name="test2" time="0.002"/>
  <system-out/>
  <testcase classname="NewTest" name="test1" time="0.024"/>
  <system-out/>
</testsuite> <!-- NewTest -->
