<?xml version="1.0" encoding="UTF-8"?>
<!-- Generated by org.testng.reporters.JUnitReportReporter -->
<testsuite hostname="LAPTOP-FIQ410M2" failures="0" tests="1" name="restassured.SumValidation" time="2.761" errors="0" timestamp="2024-06-22T05:49:05 IST" skipped="0">
  <testcase classname="restassured.SumValidation" name="SumofValue" time="2.761"/>
</testsuite> <!-- restassured.SumValidation -->
